GROUP,PACKAGE,CLASS,INSTRUCTION_MISSED,INSTRUCTION_COVERED,BRANCH_MISSED,BRANCH_COVERED,LINE_MISSED,LINE_COVERED,COMPLEXITY_MISSED,COMPLEXITY_COVERED,METHOD_MISSED,METHOD_COVERED
domain,com.example.hexapp.domain.vo,Price,21,30,0,0,7,2,7,2,7,2
domain,com.example.hexapp.domain.vo,PriceQuery.PriceQueryBuilder,36,0,0,0,1,0,6,0,6,0
domain,com.example.hexapp.domain.vo,PriceQuery,13,12,0,0,4,1,4,1,4,1
domain,com.example.hexapp.domain.constants,PriceMessages,3,0,0,0,1,0,1,0,1,0
domain,com.example.hexapp.domain.usecase,PriceUseCase,0,19,0,0,0,3,0,3,0,3
